Build started 7/1/2019 5:27:09 AM.
     1>Project "C:\Users\Ahmed Nabil\documents\visual studio 2013\Projects\pst_assign 01\pst_assign 01\pst_assign 01.vcxproj" on node 2 (Build target(s)).
     1>ClCompile:
         C:\Program Files (x86)\Microsoft Visual Studio 12.0\VC\bin\CL.exe /c /ZI /nologo /W3 /WX- /sdl /Od /Oy- /D WIN32 /D _DEBUG /D _CONSOLE /D _LIB /D _UNICODE /D UNICODE /Gm /EHsc /RTC1 /MDd /GS /fp:precise /Zc:wchar_t /Zc:forScope /Fo"Debug\\" /Fd"Debug\vc120.pdb" /Gd /TP /analyze- /errorReport:prompt Source.cpp
         Source.cpp
     1>c:\users\ahmed nabil\documents\visual studio 2013\projects\pst_assign 01\pst_assign 01\source.cpp(22): warning C4018: '<' : signed/unsigned mismatch
     1>c:\users\ahmed nabil\documents\visual studio 2013\projects\pst_assign 01\pst_assign 01\source.cpp(74): warning C4018: '<' : signed/unsigned mismatch
     1>c:\users\ahmed nabil\documents\visual studio 2013\projects\pst_assign 01\pst_assign 01\source.cpp(225): warning C4244: 'initializing' : conversion from 'double' to 'const int', possible loss of data
     1>c:\users\ahmed nabil\documents\visual studio 2013\projects\pst_assign 01\pst_assign 01\source.cpp(278): warning C4018: '<' : signed/unsigned mismatch
     1>c:\users\ahmed nabil\documents\visual studio 2013\projects\pst_assign 01\pst_assign 01\source.cpp(292): warning C4018: '<' : signed/unsigned mismatch
     1>c:\users\ahmed nabil\documents\visual studio 2013\projects\pst_assign 01\pst_assign 01\source.cpp(322): warning C4018: '<' : signed/unsigned mismatch
     1>c:\users\ahmed nabil\documents\visual studio 2013\projects\pst_assign 01\pst_assign 01\source.cpp(337): warning C4018: '<' : signed/unsigned mismatch
     1>c:\users\ahmed nabil\documents\visual studio 2013\projects\pst_assign 01\pst_assign 01\source.cpp(357): warning C4018: '<' : signed/unsigned mismatch
     1>c:\users\ahmed nabil\documents\visual studio 2013\projects\pst_assign 01\pst_assign 01\source.cpp(362): warning C4018: '<' : signed/unsigned mismatch
     1>c:\users\ahmed nabil\documents\visual studio 2013\projects\pst_assign 01\pst_assign 01\source.cpp(394): warning C4018: '<' : signed/unsigned mismatch
     1>c:\users\ahmed nabil\documents\visual studio 2013\projects\pst_assign 01\pst_assign 01\source.cpp(443): warning C4018: '<' : signed/unsigned mismatch
     1>c:\users\ahmed nabil\documents\visual studio 2013\projects\pst_assign 01\pst_assign 01\source.cpp(468): warning C4018: '<' : signed/unsigned mismatch
       Link:
         C:\Program Files (x86)\Microsoft Visual Studio 12.0\VC\bin\link.exe /ERRORREPORT:PROMPT /OUT:"C:\Users\Ahmed Nabil\documents\visual studio 2013\Projects\pst_assign 01\Debug\pst_assign 01.exe" /INCREMENTAL /NOLOGO kernel32.lib user32.lib gdi32.lib winspool.lib comdlg32.lib advapi32.lib shell32.lib ole32.lib oleaut32.lib uuid.lib odbc32.lib odbccp32.lib /MANIFEST /MANIFESTUAC:"level='asInvoker' uiAccess='false'" /manifest:embed /DEBUG /PDB:"C:\Users\Ahmed Nabil\documents\visual studio 2013\Projects\pst_assign 01\Debug\pst_assign 01.pdb" /SUBSYSTEM:CONSOLE /TLBID:1 /DYNAMICBASE /NXCOMPAT /IMPLIB:"C:\Users\Ahmed Nabil\documents\visual studio 2013\Projects\pst_assign 01\Debug\pst_assign 01.lib" /MACHINE:X86 Debug\Source.obj
         pst_assign 01.vcxproj -> C:\Users\Ahmed Nabil\documents\visual studio 2013\Projects\pst_assign 01\Debug\pst_assign 01.exe
     1>Done Building Project "C:\Users\Ahmed Nabil\documents\visual studio 2013\Projects\pst_assign 01\pst_assign 01\pst_assign 01.vcxproj" (Build target(s)).

Build succeeded.

Time Elapsed 00:00:01.05
